<?xml version="1.0" encoding="UTF-8"?>
<testng-results ignored="0" total="4" passed="4" failed="0" skipped="0">
  <reporter-output>
    <line>
      <![CDATA[Test has been started]]>
    </line>
    <line>
      <![CDATA[Test is successfully executed]]>
    </line>
    <line>
      <![CDATA[Test has been started]]>
    </line>
    <line>
      <![CDATA[Test is successfully executed]]>
    </line>
    <line>
      <![CDATA[Test has been started]]>
    </line>
    <line>
      <![CDATA[7]]>
    </line>
    <line>
      <![CDATA[Test is successfully executed]]>
    </line>
    <line>
      <![CDATA[Test has been started]]>
    </line>
    <line>
      <![CDATA[Test is successfully executed]]>
    </line>
  </reporter-output>
  <suite started-at="2022-06-14T14:31:34 IST" name="Suite" finished-at="2022-06-14T14:34:29 IST" duration-ms="175262">
    <groups>
    </groups>
    <test started-at="2022-06-14T14:31:34 IST" name="Test" finished-at="2022-06-14T14:34:29 IST" duration-ms="175262">
      <class name="testpackage.ActiTimeInvalidLogin">
        <test-method is-config="true" signature="setUp()[pri:0, instance:testpackage.ActiTimeInvalidLogin@49c7b90e]" started-at="2022-06-14T14:32:33 IST" name="setUp" finished-at="2022-06-14T14:32:41 IST" duration-ms="8713" status="PASS">
          <reporter-output>
          </reporter-output>
        </test-method> <!-- setUp -->
        <test-method signature="actiTimeInvalidLogin()[pri:0, instance:testpackage.ActiTimeInvalidLogin@49c7b90e]" started-at="2022-06-14T14:32:41 IST" name="actiTimeInvalidLogin" finished-at="2022-06-14T14:33:34 IST" duration-ms="52953" status="PASS">
          <reporter-output>
            <line>
              <![CDATA[Test has been started]]>
            </line>
            <line>
              <![CDATA[7]]>
            </line>
            <line>
              <![CDATA[Test is successfully executed]]>
            </line>
          </reporter-output>
        </test-method> <!-- actiTimeInvalidLogin -->
        <test-method is-config="true" signature="tearDown()[pri:0, instance:testpackage.ActiTimeInvalidLogin@49c7b90e]" started-at="2022-06-14T14:33:34 IST" name="tearDown" finished-at="2022-06-14T14:33:36 IST" duration-ms="1219" status="PASS">
          <reporter-output>
          </reporter-output>
        </test-method> <!-- tearDown -->
      </class> <!-- testpackage.ActiTimeInvalidLogin -->
      <class name="testpackage.ActiTimeValidLogin">
        <test-method is-config="true" signature="setUp()[pri:0, instance:testpackage.ActiTimeValidLogin@4944252c]" started-at="2022-06-14T14:31:34 IST" name="setUp" finished-at="2022-06-14T14:31:52 IST" duration-ms="18145" status="PASS">
          <reporter-output>
          </reporter-output>
        </test-method> <!-- setUp -->
        <test-method signature="actiTimeValidLogin()[pri:0, instance:testpackage.ActiTimeValidLogin@4944252c]" started-at="2022-06-14T14:31:52 IST" name="actiTimeValidLogin" finished-at="2022-06-14T14:31:55 IST" duration-ms="2671" status="PASS">
          <reporter-output>
            <line>
              <![CDATA[Test has been started]]>
            </line>
            <line>
              <![CDATA[Test is successfully executed]]>
            </line>
          </reporter-output>
        </test-method> <!-- actiTimeValidLogin -->
        <test-method is-config="true" signature="tearDown()[pri:0, instance:testpackage.ActiTimeValidLogin@4944252c]" started-at="2022-06-14T14:31:55 IST" name="tearDown" finished-at="2022-06-14T14:31:56 IST" duration-ms="1245" status="PASS">
          <reporter-output>
          </reporter-output>
        </test-method> <!-- tearDown -->
      </class> <!-- testpackage.ActiTimeValidLogin -->
      <class name="testpackage.ActiTimeLogout">
        <test-method is-config="true" signature="setUp()[pri:0, instance:testpackage.ActiTimeLogout@6f46426d]" started-at="2022-06-14T14:31:56 IST" name="setUp" finished-at="2022-06-14T14:32:07 IST" duration-ms="10756" status="PASS">
          <reporter-output>
          </reporter-output>
        </test-method> <!-- setUp -->
        <test-method signature="actiTimeValidLogin()[pri:0, instance:testpackage.ActiTimeLogout@6f46426d]" started-at="2022-06-14T14:32:07 IST" name="actiTimeValidLogin" finished-at="2022-06-14T14:32:30 IST" duration-ms="22932" status="PASS">
          <reporter-output>
            <line>
              <![CDATA[Test has been started]]>
            </line>
            <line>
              <![CDATA[Test is successfully executed]]>
            </line>
          </reporter-output>
        </test-method> <!-- actiTimeValidLogin -->
        <test-method is-config="true" signature="tearDown()[pri:0, instance:testpackage.ActiTimeLogout@6f46426d]" started-at="2022-06-14T14:32:30 IST" name="tearDown" finished-at="2022-06-14T14:32:33 IST" duration-ms="2876" status="PASS">
          <reporter-output>
          </reporter-output>
        </test-method> <!-- tearDown -->
      </class> <!-- testpackage.ActiTimeLogout -->
      <class name="testpackage.ActiTimeDropdowns">
        <test-method is-config="true" signature="setUp()[pri:0, instance:testpackage.ActiTimeDropdowns@10d307f1]" started-at="2022-06-14T14:33:36 IST" name="setUp" finished-at="2022-06-14T14:33:51 IST" duration-ms="15177" status="PASS">
          <reporter-output>
          </reporter-output>
        </test-method> <!-- setUp -->
        <test-method signature="printAllOptionsOfTheDropdown()[pri:0, instance:testpackage.ActiTimeDropdowns@10d307f1]" started-at="2022-06-14T14:33:51 IST" name="printAllOptionsOfTheDropdown" finished-at="2022-06-14T14:34:28 IST" duration-ms="37717" status="PASS">
          <reporter-output>
            <line>
              <![CDATA[Test has been started]]>
            </line>
            <line>
              <![CDATA[Test is successfully executed]]>
            </line>
          </reporter-output>
        </test-method> <!-- printAllOptionsOfTheDropdown -->
        <test-method is-config="true" signature="tearDown()[pri:0, instance:testpackage.ActiTimeDropdowns@10d307f1]" started-at="2022-06-14T14:34:28 IST" name="tearDown" finished-at="2022-06-14T14:34:29 IST" duration-ms="781" status="PASS">
          <reporter-output>
          </reporter-output>
        </test-method> <!-- tearDown -->
      </class> <!-- testpackage.ActiTimeDropdowns -->
    </test> <!-- Test -->
  </suite> <!-- Suite -->
</testng-results>
