<?xml version="1.0" encoding="UTF-8"?>
<!-- Generated by org.testng.reporters.JUnitXMLReporter -->
<testsuite ignored="0" hostname="DESKTOP-E715H5R" failures="0" tests="4" name="Test" time="175.262" errors="0" timestamp="2022-06-14T14:34:29 IST">
  <testcase classname="testpackage.ActiTimeValidLogin" name="actiTimeValidLogin" time="2.671"/>
  <testcase classname="testpackage.ActiTimeLogout" name="actiTimeValidLogin" time="22.932"/>
  <testcase classname="testpackage.ActiTimeInvalidLogin" name="actiTimeInvalidLogin" time="52.953"/>
  <testcase classname="testpackage.ActiTimeDropdowns" name="printAllOptionsOfTheDropdown" time="37.717"/>
</testsuite> <!-- Test -->
